/home/hwdk/UEFIPROG/EDKHOME/edk2-platforms/Platform/RaspberryPi/workspace/Build/RPi3/DEBUG_GCC5/AARCH64/MdeModulePkg/Universal/Variable/RuntimeDxe/VariableRuntimeDxe/OUTPUT/VariableRuntimeDxe.lib
/home/hwdk/UEFIPROG/EDKHOME/edk2-platforms/Platform/RaspberryPi/workspace/Build/RPi3/DEBUG_GCC5/AARCH64/MdePkg/Library/DxePcdLib/DxePcdLib/OUTPUT/DxePcdLib.lib
/home/hwdk/UEFIPROG/EDKHOME/edk2-platforms/Platform/RaspberryPi/workspace/Build/RPi3/DEBUG_GCC5/AARCH64/MdePkg/Library/BaseDebugLibNull/BaseDebugLibNull/OUTPUT/BaseDebugLibNull.lib
/home/hwdk/UEFIPROG/EDKHOME/edk2-platforms/Platform/RaspberryPi/workspace/Build/RPi3/DEBUG_GCC5/AARCH64/MdePkg/Library/BaseMemoryLibOptDxe/BaseMemoryLibOptDxe/OUTPUT/BaseMemoryLibOptDxe.lib
/home/hwdk/UEFIPROG/EDKHOME/edk2-platforms/Platform/RaspberryPi/workspace/Build/RPi3/DEBUG_GCC5/AARCH64/MdePkg/Library/BaseLib/BaseLib/OUTPUT/BaseLib.lib
/home/hwdk/UEFIPROG/EDKHOME/edk2-platforms/Platform/RaspberryPi/workspace/Build/RPi3/DEBUG_GCC5/AARCH64/MdePkg/Library/UefiBootServicesTableLib/UefiBootServicesTableLib/OUTPUT/UefiBootServicesTableLib.lib
/home/hwdk/UEFIPROG/EDKHOME/edk2-platforms/Platform/RaspberryPi/workspace/Build/RPi3/DEBUG_GCC5/AARCH64/ArmPkg/Library/ArmLib/ArmBaseLib/OUTPUT/ArmBaseLib.lib
/home/hwdk/UEFIPROG/EDKHOME/edk2-platforms/Platform/RaspberryPi/workspace/Build/RPi3/DEBUG_GCC5/AARCH64/MdePkg/Library/BasePrintLib/BasePrintLib/OUTPUT/BasePrintLib.lib
/home/hwdk/UEFIPROG/EDKHOME/edk2-platforms/Platform/RaspberryPi/workspace/Build/RPi3/DEBUG_GCC5/AARCH64/MdePkg/Library/UefiMemoryAllocationLib/UefiMemoryAllocationLib/OUTPUT/UefiMemoryAllocationLib.lib
/home/hwdk/UEFIPROG/EDKHOME/edk2-platforms/Platform/RaspberryPi/workspace/Build/RPi3/DEBUG_GCC5/AARCH64/ArmPkg/Library/ArmGenericTimerPhyCounterLib/ArmGenericTimerPhyCounterLib/OUTPUT/ArmGenericTimerPhyCounterLib.lib
/home/hwdk/UEFIPROG/EDKHOME/edk2-platforms/Platform/RaspberryPi/workspace/Build/RPi3/DEBUG_GCC5/AARCH64/MdePkg/Library/UefiRuntimeServicesTableLib/UefiRuntimeServicesTableLib/OUTPUT/UefiRuntimeServicesTableLib.lib
/home/hwdk/UEFIPROG/EDKHOME/edk2-platforms/Platform/RaspberryPi/workspace/Build/RPi3/DEBUG_GCC5/AARCH64/MdePkg/Library/UefiDevicePathLib/UefiDevicePathLib/OUTPUT/UefiDevicePathLib.lib
/home/hwdk/UEFIPROG/EDKHOME/edk2-platforms/Platform/RaspberryPi/workspace/Build/RPi3/DEBUG_GCC5/AARCH64/ArmPkg/Library/ArmArchTimerLib/ArmArchTimerLib/OUTPUT/ArmArchTimerLib.lib
/home/hwdk/UEFIPROG/EDKHOME/edk2-platforms/Platform/RaspberryPi/workspace/Build/RPi3/DEBUG_GCC5/AARCH64/MdePkg/Library/UefiLib/UefiLib/OUTPUT/UefiLib.lib
/home/hwdk/UEFIPROG/EDKHOME/edk2-platforms/Platform/RaspberryPi/workspace/Build/RPi3/DEBUG_GCC5/AARCH64/MdeModulePkg/Library/VarCheckLib/VarCheckLib/OUTPUT/VarCheckLib.lib
/home/hwdk/UEFIPROG/EDKHOME/edk2-platforms/Platform/RaspberryPi/workspace/Build/RPi3/DEBUG_GCC5/AARCH64/MdePkg/Library/BaseSynchronizationLib/BaseSynchronizationLib/OUTPUT/BaseSynchronizationLib.lib
/home/hwdk/UEFIPROG/EDKHOME/edk2-platforms/Platform/RaspberryPi/workspace/Build/RPi3/DEBUG_GCC5/AARCH64/MdePkg/Library/UefiRuntimeLib/UefiRuntimeLib/OUTPUT/UefiRuntimeLib.lib
/home/hwdk/UEFIPROG/EDKHOME/edk2-platforms/Platform/RaspberryPi/workspace/Build/RPi3/DEBUG_GCC5/AARCH64/MdePkg/Library/DxeServicesTableLib/DxeServicesTableLib/OUTPUT/DxeServicesTableLib.lib
/home/hwdk/UEFIPROG/EDKHOME/edk2-platforms/Platform/RaspberryPi/workspace/Build/RPi3/DEBUG_GCC5/AARCH64/MdePkg/Library/UefiDriverEntryPoint/UefiDriverEntryPoint/OUTPUT/UefiDriverEntryPoint.lib
/home/hwdk/UEFIPROG/EDKHOME/edk2-platforms/Platform/RaspberryPi/workspace/Build/RPi3/DEBUG_GCC5/AARCH64/MdePkg/Library/DxeHobLib/DxeHobLib/OUTPUT/DxeHobLib.lib
/home/hwdk/UEFIPROG/EDKHOME/edk2-platforms/Platform/RaspberryPi/workspace/Build/RPi3/DEBUG_GCC5/AARCH64/MdeModulePkg/Library/TpmMeasurementLibNull/TpmMeasurementLibNull/OUTPUT/TpmMeasurementLibNull.lib
/home/hwdk/UEFIPROG/EDKHOME/edk2-platforms/Platform/RaspberryPi/workspace/Build/RPi3/DEBUG_GCC5/AARCH64/MdeModulePkg/Library/AuthVariableLibNull/AuthVariableLibNull/OUTPUT/AuthVariableLibNull.lib
/home/hwdk/UEFIPROG/EDKHOME/edk2-platforms/Platform/RaspberryPi/workspace/Build/RPi3/DEBUG_GCC5/AARCH64/ArmPkg/Library/CompilerIntrinsicsLib/CompilerIntrinsicsLib/OUTPUT/CompilerIntrinsicsLib.lib
/home/hwdk/UEFIPROG/EDKHOME/edk2-platforms/Platform/RaspberryPi/workspace/Build/RPi3/DEBUG_GCC5/AARCH64/MdePkg/Library/BaseStackCheckLib/BaseStackCheckLib/OUTPUT/BaseStackCheckLib.lib
/home/hwdk/UEFIPROG/EDKHOME/edk2-platforms/Platform/RaspberryPi/workspace/Build/RPi3/DEBUG_GCC5/AARCH64/MdeModulePkg/Library/VarCheckUefiLib/VarCheckUefiLib/OUTPUT/VarCheckUefiLib.lib