/home/hwdk/UEFIPROG/EDKHOME/edk2-platforms/Platform/RaspberryPi/workspace/Build/RPi3/DEBUG_GCC5/AARCH64/ArmPlatformPkg/PrePi/PeiUniCore/OUTPUT/ArmPlatformPrePiUniCore.lib
/home/hwdk/UEFIPROG/EDKHOME/edk2-platforms/Platform/RaspberryPi/workspace/Build/RPi3/DEBUG_GCC5/AARCH64/MdePkg/Library/BasePcdLibNull/BasePcdLibNull/OUTPUT/BasePcdLibNull.lib
/home/hwdk/UEFIPROG/EDKHOME/edk2-platforms/Platform/RaspberryPi/workspace/Build/RPi3/DEBUG_GCC5/AARCH64/MdePkg/Library/BaseMemoryLib/BaseMemoryLib/OUTPUT/BaseMemoryLib.lib
/home/hwdk/UEFIPROG/EDKHOME/edk2-platforms/Platform/RaspberryPi/workspace/Build/RPi3/DEBUG_GCC5/AARCH64/MdePkg/Library/BaseLib/BaseLib/OUTPUT/BaseLib.lib
/home/hwdk/UEFIPROG/EDKHOME/edk2-platforms/Platform/RaspberryPi/workspace/Build/RPi3/DEBUG_GCC5/AARCH64/MdePkg/Library/BaseIoLibIntrinsic/BaseIoLibIntrinsic/OUTPUT/BaseIoLibIntrinsic.lib
/home/hwdk/UEFIPROG/EDKHOME/edk2-platforms/Platform/RaspberryPi/workspace/Build/RPi3/DEBUG_GCC5/AARCH64/ArmPlatformPkg/Library/PL011UartLib/PL011UartLib/OUTPUT/PL011UartLib.lib
/home/hwdk/UEFIPROG/EDKHOME/edk2-platforms/Platform/RaspberryPi/workspace/Build/RPi3/DEBUG_GCC5/AARCH64/ArmPlatformPkg/Library/PL011UartClockLib/PL011UartClockLib/OUTPUT/BasePL011UartClockLib.lib
/home/hwdk/UEFIPROG/EDKHOME/edk2-platforms/Platform/RaspberryPi/workspace/Build/RPi3/DEBUG_GCC5/AARCH64/MdePkg/Library/BaseDebugPrintErrorLevelLib/BaseDebugPrintErrorLevelLib/OUTPUT/BaseDebugPrintErrorLevelLib.lib
/home/hwdk/UEFIPROG/EDKHOME/edk2-platforms/Platform/RaspberryPi/workspace/Build/RPi3/DEBUG_GCC5/AARCH64/MdePkg/Library/BasePrintLib/BasePrintLib/OUTPUT/BasePrintLib.lib
/home/hwdk/UEFIPROG/EDKHOME/edk2-platforms/Platform/RaspberryPi/workspace/Build/RPi3/DEBUG_GCC5/AARCH64/Platform/RaspberryPi/Library/DualSerialPortLib/DualSerialPortLib/OUTPUT/DualSerialPortLib.lib
/home/hwdk/UEFIPROG/EDKHOME/edk2-platforms/Platform/RaspberryPi/workspace/Build/RPi3/DEBUG_GCC5/AARCH64/MdePkg/Library/BaseDebugLibSerialPort/BaseDebugLibSerialPort/OUTPUT/BaseDebugLibSerialPort.lib
/home/hwdk/UEFIPROG/EDKHOME/edk2-platforms/Platform/RaspberryPi/workspace/Build/RPi3/DEBUG_GCC5/AARCH64/ArmPkg/Library/ArmLib/ArmBaseLib/OUTPUT/ArmBaseLib.lib
/home/hwdk/UEFIPROG/EDKHOME/edk2-platforms/Platform/RaspberryPi/workspace/Build/RPi3/DEBUG_GCC5/AARCH64/ArmPkg/Library/DebugPeCoffExtraActionLib/DebugPeCoffExtraActionLib/OUTPUT/DebugUnixPeCoffExtraActionLib.lib
/home/hwdk/UEFIPROG/EDKHOME/edk2-platforms/Platform/RaspberryPi/workspace/Build/RPi3/DEBUG_GCC5/AARCH64/ArmPlatformPkg/Library/PrePiHobListPointerLib/PrePiHobListPointerLib/OUTPUT/PrePiHobListPointerLib.lib
/home/hwdk/UEFIPROG/EDKHOME/edk2-platforms/Platform/RaspberryPi/workspace/Build/RPi3/DEBUG_GCC5/AARCH64/ArmPkg/Library/ArmGenericTimerPhyCounterLib/ArmGenericTimerPhyCounterLib/OUTPUT/ArmGenericTimerPhyCounterLib.lib
/home/hwdk/UEFIPROG/EDKHOME/edk2-platforms/Platform/RaspberryPi/workspace/Build/RPi3/DEBUG_GCC5/AARCH64/MdePkg/Library/BasePerformanceLibNull/BasePerformanceLibNull/OUTPUT/BasePerformanceLibNull.lib
/home/hwdk/UEFIPROG/EDKHOME/edk2-platforms/Platform/RaspberryPi/workspace/Build/RPi3/DEBUG_GCC5/AARCH64/MdePkg/Library/BasePeCoffLib/BasePeCoffLib/OUTPUT/BasePeCoffLib.lib
/home/hwdk/UEFIPROG/EDKHOME/edk2-platforms/Platform/RaspberryPi/workspace/Build/RPi3/DEBUG_GCC5/AARCH64/MdePkg/Library/BaseUefiDecompressLib/BaseUefiDecompressLib/OUTPUT/BaseUefiDecompressLib.lib
/home/hwdk/UEFIPROG/EDKHOME/edk2-platforms/Platform/RaspberryPi/workspace/Build/RPi3/DEBUG_GCC5/AARCH64/EmbeddedPkg/Library/PrePiHobLib/PrePiHobLib/OUTPUT/PrePiHobLib.lib
/home/hwdk/UEFIPROG/EDKHOME/edk2-platforms/Platform/RaspberryPi/workspace/Build/RPi3/DEBUG_GCC5/AARCH64/EmbeddedPkg/Library/PrePiExtractGuidedSectionLib/PrePiExtractGuidedSectionLib/OUTPUT/PrePiExtractGuidedSectionLib.lib
/home/hwdk/UEFIPROG/EDKHOME/edk2-platforms/Platform/RaspberryPi/workspace/Build/RPi3/DEBUG_GCC5/AARCH64/ArmPkg/Library/ArmArchTimerLib/ArmArchTimerLib/OUTPUT/ArmArchTimerLib.lib
/home/hwdk/UEFIPROG/EDKHOME/edk2-platforms/Platform/RaspberryPi/workspace/Build/RPi3/DEBUG_GCC5/AARCH64/ArmPkg/Library/ArmCacheMaintenanceLib/ArmCacheMaintenanceLib/OUTPUT/ArmCacheMaintenanceLib.lib
/home/hwdk/UEFIPROG/EDKHOME/edk2-platforms/Platform/RaspberryPi/workspace/Build/RPi3/DEBUG_GCC5/AARCH64/EmbeddedPkg/Library/PrePiLib/PrePiLib/OUTPUT/PrePiLib.lib
/home/hwdk/UEFIPROG/EDKHOME/edk2-platforms/Platform/RaspberryPi/workspace/Build/RPi3/DEBUG_GCC5/AARCH64/EmbeddedPkg/Library/FdtLib/FdtLib/OUTPUT/FdtLib.lib
/home/hwdk/UEFIPROG/EDKHOME/edk2-platforms/Platform/RaspberryPi/workspace/Build/RPi3/DEBUG_GCC5/AARCH64/EmbeddedPkg/Library/PrePiMemoryAllocationLib/PrePiMemoryAllocationLib/OUTPUT/PrePiMemoryAllocationLib.lib
/home/hwdk/UEFIPROG/EDKHOME/edk2-platforms/Platform/RaspberryPi/workspace/Build/RPi3/DEBUG_GCC5/AARCH64/Platform/RaspberryPi/Library/PlatformLib/PlatformLib/OUTPUT/PlatformLib.lib
/home/hwdk/UEFIPROG/EDKHOME/edk2-platforms/Platform/RaspberryPi/workspace/Build/RPi3/DEBUG_GCC5/AARCH64/ArmPkg/Library/ArmMmuLib/ArmMmuBaseLib/OUTPUT/ArmMmuBaseLib.lib
/home/hwdk/UEFIPROG/EDKHOME/edk2-platforms/Platform/RaspberryPi/workspace/Build/RPi3/DEBUG_GCC5/AARCH64/MdeModulePkg/Library/DebugAgentLibNull/DebugAgentLibNull/OUTPUT/DebugAgentLibNull.lib
/home/hwdk/UEFIPROG/EDKHOME/edk2-platforms/Platform/RaspberryPi/workspace/Build/RPi3/DEBUG_GCC5/AARCH64/MdeModulePkg/Library/LzmaCustomDecompressLib/LzmaCustomDecompressLib/OUTPUT/LzmaDecompressLib.lib
/home/hwdk/UEFIPROG/EDKHOME/edk2-platforms/Platform/RaspberryPi/workspace/Build/RPi3/DEBUG_GCC5/AARCH64/ArmPlatformPkg/Library/ArmPlatformStackLib/ArmPlatformStackLib/OUTPUT/ArmPlatformStackLib.lib
/home/hwdk/UEFIPROG/EDKHOME/edk2-platforms/Platform/RaspberryPi/workspace/Build/RPi3/DEBUG_GCC5/AARCH64/ArmPlatformPkg/PlatformPei/PlatformPeiLib/OUTPUT/ArmPlatformPeiLib.lib
/home/hwdk/UEFIPROG/EDKHOME/edk2-platforms/Platform/RaspberryPi/workspace/Build/RPi3/DEBUG_GCC5/AARCH64/Platform/RaspberryPi/Library/MemoryInitPeiLib/MemoryInitPeiLib/OUTPUT/MemoryInitPeiLib.lib
/home/hwdk/UEFIPROG/EDKHOME/edk2-platforms/Platform/RaspberryPi/workspace/Build/RPi3/DEBUG_GCC5/AARCH64/ArmPkg/Library/CompilerIntrinsicsLib/CompilerIntrinsicsLib/OUTPUT/CompilerIntrinsicsLib.lib
/home/hwdk/UEFIPROG/EDKHOME/edk2-platforms/Platform/RaspberryPi/workspace/Build/RPi3/DEBUG_GCC5/AARCH64/MdePkg/Library/BaseStackCheckLib/BaseStackCheckLib/OUTPUT/BaseStackCheckLib.lib