-I/home/hwdk/UEFIPROG/EDKHOME/edk2-platforms/Platform/RaspberryPi/Library/PlatformLib/AArch64
-I/home/hwdk/UEFIPROG/EDKHOME/edk2-platforms/Platform/RaspberryPi/Library/PlatformLib
-I/home/hwdk/UEFIPROG/EDKHOME/edk2-platforms/Platform/RaspberryPi/workspace/Build/RPi3/DEBUG_GCC5/AARCH64/Platform/RaspberryPi/Library/PlatformLib/PlatformLib/DEBUG
-I/home/hwdk/UEFIPROG/EDKHOME/edk2/MdePkg
-I/home/hwdk/UEFIPROG/EDKHOME/edk2/MdePkg/Include
-I/home/hwdk/UEFIPROG/EDKHOME/edk2/MdePkg/Test/UnitTest/Include
-I/home/hwdk/UEFIPROG/EDKHOME/edk2/MdePkg/Include/AArch64
-I/home/hwdk/UEFIPROG/EDKHOME/edk2/MdeModulePkg
-I/home/hwdk/UEFIPROG/EDKHOME/edk2/MdeModulePkg/Include
-I/home/hwdk/UEFIPROG/EDKHOME/edk2/EmbeddedPkg
-I/home/hwdk/UEFIPROG/EDKHOME/edk2/EmbeddedPkg/Include
-I/home/hwdk/UEFIPROG/EDKHOME/edk2/ArmPkg
-I/home/hwdk/UEFIPROG/EDKHOME/edk2/ArmPkg/Include
-I/home/hwdk/UEFIPROG/EDKHOME/edk2/ArmPlatformPkg
-I/home/hwdk/UEFIPROG/EDKHOME/edk2/ArmPlatformPkg/Include
-I/home/hwdk/UEFIPROG/EDKHOME/edk2-platforms/Silicon/Broadcom/Bcm27xx
-I/home/hwdk/UEFIPROG/EDKHOME/edk2-platforms/Silicon/Broadcom/Bcm27xx/Include
-I/home/hwdk/UEFIPROG/EDKHOME/edk2-platforms/Silicon/Broadcom/Bcm283x
-I/home/hwdk/UEFIPROG/EDKHOME/edk2-platforms/Silicon/Broadcom/Bcm283x/Include
-I/home/hwdk/UEFIPROG/EDKHOME/edk2-platforms/Platform/RaspberryPi
-I/home/hwdk/UEFIPROG/EDKHOME/edk2-platforms/Platform/RaspberryPi/Include