/home/hwdk/UEFIPROG/EDKHOME/edk2-platforms/Platform/RaspberryPi/workspace/Build/RPi3/DEBUG_GCC5/AARCH64/Platform/RaspberryPi/Drivers/ArasanMmcHostDxe/ArasanMmcHostDxe/OUTPUT/ArasanMMCHost.lib
/home/hwdk/UEFIPROG/EDKHOME/edk2-platforms/Platform/RaspberryPi/workspace/Build/RPi3/DEBUG_GCC5/AARCH64/MdePkg/Library/BaseMemoryLibOptDxe/BaseMemoryLibOptDxe/OUTPUT/BaseMemoryLibOptDxe.lib
/home/hwdk/UEFIPROG/EDKHOME/edk2-platforms/Platform/RaspberryPi/workspace/Build/RPi3/DEBUG_GCC5/AARCH64/MdePkg/Library/BaseLib/BaseLib/OUTPUT/BaseLib.lib
/home/hwdk/UEFIPROG/EDKHOME/edk2-platforms/Platform/RaspberryPi/workspace/Build/RPi3/DEBUG_GCC5/AARCH64/MdePkg/Library/DxePcdLib/DxePcdLib/OUTPUT/DxePcdLib.lib
/home/hwdk/UEFIPROG/EDKHOME/edk2-platforms/Platform/RaspberryPi/workspace/Build/RPi3/DEBUG_GCC5/AARCH64/MdePkg/Library/BaseIoLibIntrinsic/BaseIoLibIntrinsic/OUTPUT/BaseIoLibIntrinsic.lib
/home/hwdk/UEFIPROG/EDKHOME/edk2-platforms/Platform/RaspberryPi/workspace/Build/RPi3/DEBUG_GCC5/AARCH64/ArmPlatformPkg/Library/PL011UartLib/PL011UartLib/OUTPUT/PL011UartLib.lib
/home/hwdk/UEFIPROG/EDKHOME/edk2-platforms/Platform/RaspberryPi/workspace/Build/RPi3/DEBUG_GCC5/AARCH64/ArmPlatformPkg/Library/PL011UartClockLib/PL011UartClockLib/OUTPUT/BasePL011UartClockLib.lib
/home/hwdk/UEFIPROG/EDKHOME/edk2-platforms/Platform/RaspberryPi/workspace/Build/RPi3/DEBUG_GCC5/AARCH64/MdePkg/Library/BaseDebugPrintErrorLevelLib/BaseDebugPrintErrorLevelLib/OUTPUT/BaseDebugPrintErrorLevelLib.lib
/home/hwdk/UEFIPROG/EDKHOME/edk2-platforms/Platform/RaspberryPi/workspace/Build/RPi3/DEBUG_GCC5/AARCH64/MdePkg/Library/BasePrintLib/BasePrintLib/OUTPUT/BasePrintLib.lib
/home/hwdk/UEFIPROG/EDKHOME/edk2-platforms/Platform/RaspberryPi/workspace/Build/RPi3/DEBUG_GCC5/AARCH64/Platform/RaspberryPi/Library/DualSerialPortLib/DualSerialPortLib/OUTPUT/DualSerialPortLib.lib
/home/hwdk/UEFIPROG/EDKHOME/edk2-platforms/Platform/RaspberryPi/workspace/Build/RPi3/DEBUG_GCC5/AARCH64/MdePkg/Library/BaseDebugLibSerialPort/BaseDebugLibSerialPort/OUTPUT/BaseDebugLibSerialPort.lib
/home/hwdk/UEFIPROG/EDKHOME/edk2-platforms/Platform/RaspberryPi/workspace/Build/RPi3/DEBUG_GCC5/AARCH64/MdePkg/Library/UefiBootServicesTableLib/UefiBootServicesTableLib/OUTPUT/UefiBootServicesTableLib.lib
/home/hwdk/UEFIPROG/EDKHOME/edk2-platforms/Platform/RaspberryPi/workspace/Build/RPi3/DEBUG_GCC5/AARCH64/MdePkg/Library/UefiMemoryAllocationLib/UefiMemoryAllocationLib/OUTPUT/UefiMemoryAllocationLib.lib
/home/hwdk/UEFIPROG/EDKHOME/edk2-platforms/Platform/RaspberryPi/workspace/Build/RPi3/DEBUG_GCC5/AARCH64/MdePkg/Library/UefiRuntimeServicesTableLib/UefiRuntimeServicesTableLib/OUTPUT/UefiRuntimeServicesTableLib.lib
/home/hwdk/UEFIPROG/EDKHOME/edk2-platforms/Platform/RaspberryPi/workspace/Build/RPi3/DEBUG_GCC5/AARCH64/MdePkg/Library/UefiDevicePathLib/UefiDevicePathLib/OUTPUT/UefiDevicePathLib.lib
/home/hwdk/UEFIPROG/EDKHOME/edk2-platforms/Platform/RaspberryPi/workspace/Build/RPi3/DEBUG_GCC5/AARCH64/MdePkg/Library/UefiLib/UefiLib/OUTPUT/UefiLib.lib
/home/hwdk/UEFIPROG/EDKHOME/edk2-platforms/Platform/RaspberryPi/workspace/Build/RPi3/DEBUG_GCC5/AARCH64/MdePkg/Library/DxeServicesTableLib/DxeServicesTableLib/OUTPUT/DxeServicesTableLib.lib
/home/hwdk/UEFIPROG/EDKHOME/edk2-platforms/Platform/RaspberryPi/workspace/Build/RPi3/DEBUG_GCC5/AARCH64/ArmPkg/Library/ArmLib/ArmBaseLib/OUTPUT/ArmBaseLib.lib
/home/hwdk/UEFIPROG/EDKHOME/edk2-platforms/Platform/RaspberryPi/workspace/Build/RPi3/DEBUG_GCC5/AARCH64/MdePkg/Library/UefiDriverEntryPoint/UefiDriverEntryPoint/OUTPUT/UefiDriverEntryPoint.lib
/home/hwdk/UEFIPROG/EDKHOME/edk2-platforms/Platform/RaspberryPi/workspace/Build/RPi3/DEBUG_GCC5/AARCH64/EmbeddedPkg/Library/NonCoherentDmaLib/NonCoherentDmaLib/OUTPUT/NonCoherentDmaLib.lib
/home/hwdk/UEFIPROG/EDKHOME/edk2-platforms/Platform/RaspberryPi/workspace/Build/RPi3/DEBUG_GCC5/AARCH64/ArmPkg/Library/ArmCacheMaintenanceLib/ArmCacheMaintenanceLib/OUTPUT/ArmCacheMaintenanceLib.lib
/home/hwdk/UEFIPROG/EDKHOME/edk2-platforms/Platform/RaspberryPi/workspace/Build/RPi3/DEBUG_GCC5/AARCH64/ArmPkg/Library/CompilerIntrinsicsLib/CompilerIntrinsicsLib/OUTPUT/CompilerIntrinsicsLib.lib
/home/hwdk/UEFIPROG/EDKHOME/edk2-platforms/Platform/RaspberryPi/workspace/Build/RPi3/DEBUG_GCC5/AARCH64/MdePkg/Library/BaseStackCheckLib/BaseStackCheckLib/OUTPUT/BaseStackCheckLib.lib